\BOOKMARK [1][-]{section*.1}{\376\377\000L\000a\000\040\000r\000e\000g\000r\000e\000s\000i\000\363\000n\000\040\000L\000i\000n\000e\000a\000l}{}% 1
\BOOKMARK [2][-]{section*.2}{\376\377\000G\000r\000a\000f\000i\000c\000a\000n\000d\000o\000\040\000l\000a\000\040\000r\000e\000g\000r\000e\000s\000i\000o\000n\000\040\000l\000i\000n\000e\000a\000l}{section*.1}% 2
\BOOKMARK [2][-]{section*.3}{\376\377\000E\000l\000\040\000c\000o\000e\000f\000i\000c\000i\000e\000n\000t\000e\000\040\000d\000e\000\040\000d\000e\000t\000e\000r\000m\000i\000n\000a\000c\000i\000o\000n\000\040\000R\0002}{section*.1}% 3
\BOOKMARK [2][-]{section*.4}{\376\377\000E\000s\000c\000a\000l\000a\000s\000\040\000L\000o\000g\000a\000r\000i\000t\000m\000i\000c\000a\000s}{section*.1}% 4
\BOOKMARK [2][-]{section*.5}{\376\377\000R\000e\000g\000r\000e\000s\000i\000o\000n\000e\000s\000\040\000p\000o\000t\000e\000n\000c\000i\000a\000l\000e\000s}{section*.1}% 5
\BOOKMARK [1][-]{section*.6}{\376\377\000L\000a\000s\000\040\000d\000i\000s\000t\000r\000i\000b\000u\000c\000i\000o\000n\000e\000s\000\040\000d\000e\000\040\000p\000r\000o\000b\000a\000b\000i\000l\000i\000d\000a\000d}{}% 6
\BOOKMARK [2][-]{section*.7}{\376\377\000L\000o\000s\000\040\000e\000x\000p\000e\000r\000i\000m\000e\000n\000t\000o\000s\000\040\000a\000l\000e\000a\000t\000o\000r\000i\000o\000s}{section*.6}% 7
\BOOKMARK [2][-]{section*.8}{\376\377\000V\000a\000r\000i\000a\000b\000l\000e\000\040\000A\000l\000e\000a\000t\000o\000r\000i\000a}{section*.6}% 8
\BOOKMARK [2][-]{section*.9}{\376\377\000L\000a\000\040\000f\000u\000n\000c\000i\000\363\000n\000\040\000d\000e\000\040\000d\000i\000s\000t\000r\000i\000b\000u\000c\000i\000\363\000n}{section*.6}% 9
\BOOKMARK [3][-]{section*.10}{\376\377\000E\000j\000e\000m\000p\000l\000o\000\040\000t\000i\000r\000a\000r\000\040\000u\000n\000\040\000d\000a\000d\000o\000\040\000d\000e\000\040\0006\000\040\000c\000a\000r\000a\000s}{section*.9}% 10
\BOOKMARK [1][-]{section*.11}{\376\377\000V\000a\000r\000i\000a\000b\000l\000e\000\040\000A\000l\000e\000a\000t\000o\000r\000i\000a\000\040\000D\000i\000s\000c\000r\000e\000t\000a}{}% 11
\BOOKMARK [2][-]{section*.12}{\376\377\000E\000s\000p\000e\000r\000a\000n\000z\000a}{section*.11}% 12
\BOOKMARK [3][-]{section*.13}{\376\377\000V\000a\000r\000i\000a\000n\000z\000a}{section*.12}% 13
\BOOKMARK [3][-]{section*.14}{\376\377\000D\000e\000s\000v\000i\000a\000c\000i\000o\000n\000\040\000t\000i\000p\000i\000c\000a}{section*.12}% 14
\BOOKMARK [1][-]{section*.15}{\376\377\000D\000i\000s\000t\000r\000i\000b\000u\000c\000i\000o\000n\000e\000s\000\040\000d\000e\000\040\000p\000r\000o\000b\000a\000b\000i\000l\000i\000d\000a\000d\000\040\000a\000p\000l\000i\000c\000a\000d\000a\000s}{}% 15
\BOOKMARK [2][-]{section*.16}{\376\377\000D\000i\000s\000t\000r\000i\000b\000u\000c\000i\000o\000n\000\040\000d\000e\000\040\000B\000e\000r\000n\000o\000u\000l\000l\000i}{section*.15}% 16
\BOOKMARK [3][-]{section*.17}{\376\377\000E\000l\000e\000m\000e\000n\000t\000o\000s\000\040\000i\000m\000p\000o\000r\000t\000a\000n\000t\000e\000s}{section*.16}% 17
\BOOKMARK [3][-]{section*.18}{\376\377\000C\000o\000r\000r\000i\000e\000n\000d\000o\000\040\000l\000a\000\040\000d\000i\000s\000t\000r\000i\000b\000u\000c\000i\000o\000n\000\040\000d\000e\000\040\000B\000e\000r\000n\000o\000u\000l\000l\000i}{section*.16}% 18
\BOOKMARK [2][-]{section*.19}{\376\377\000D\000i\000s\000t\000r\000i\000b\000u\000c\000i\000o\000n\000\040\000B\000i\000n\000o\000m\000i\000a\000l}{section*.15}% 19
\BOOKMARK [3][-]{section*.20}{\376\377\000E\000j\000e\000m\000p\000l\000o}{section*.19}% 20
\BOOKMARK [2][-]{section*.21}{\376\377\000D\000i\000s\000t\000r\000i\000b\000u\000c\000i\000o\000n\000\040\000G\000e\000o\000m\000e\000t\000r\000i\000c\000a}{section*.15}% 21
\BOOKMARK [2][-]{section*.22}{\376\377\000D\000i\000s\000t\000r\000i\000b\000u\000c\000i\000o\000n\000\040\000d\000e\000\040\000P\000o\000i\000s\000s\000o\000n}{section*.15}% 22
\BOOKMARK [1][-]{section*.23}{\376\377\000V\000a\000r\000i\000a\000b\000l\000e\000\040\000A\000l\000e\000a\000t\000o\000r\000i\000a\000\040\000C\000o\000n\000t\000i\000n\000u\000a}{}% 23
\BOOKMARK [2][-]{section*.24}{\376\377\000E\000s\000p\000e\000r\000a\000n\000z\000a}{section*.23}% 24
